Using pre-set license
Built from '2020.3/staging' branch; Version is '2020.3.22f1 (e1a7f79fd887) revision 14788599'; Using compiler version '192528614'; Build Type 'Release'
OS: 'Windows 10 Pro; OS build 19042.1415; Version 2009; 64bit' Language: 'en' Physical Memory: 16280 MB
BatchMode: 1, IsHumanControllingUs: 0, StartBugReporterOnCrash: 0, Is64bit: 1, IsPro: 0

COMMAND LINE ARGUMENTS:
C:\Program Files\2020.3.22f1\Editor\Unity.exe
-adb2
-batchMode
-noUpm
-name
AssetImportWorker0
-projectPath
F:/PetrARProject/PetrARProject/ToSeeLater/PetrARModelTestProject/PetrARModelTestProject
-logFile
Logs/AssetImportWorker0.log
-srvPort
53164
Successfully changed project path to: F:/PetrARProject/PetrARProject/ToSeeLater/PetrARModelTestProject/PetrARModelTestProject
F:/PetrARProject/PetrARProject/ToSeeLater/PetrARModelTestProject/PetrARModelTestProject
Using Asset Import Pipeline V2.
Refreshing native plugins compatible for Editor in 141.35 ms, found 2 plugins.
Preloading 0 native plugins for Editor in 0.00 ms.
Initialize engine version: 2020.3.22f1 (e1a7f79fd887)
[Subsystems] Discovering subsystems at path C:/Program Files/2020.3.22f1/Editor/Data/Resources/UnitySubsystems
[Subsystems] Discovering subsystems at path F:/PetrARProject/PetrARProject/ToSeeLater/PetrARModelTestProject/PetrARModelTestProject/Assets
GfxDevice: creating device client; threaded=0
Direct3D:
    Version:  Direct3D 11.0 [level 11.1]
    Renderer: AMD Radeon R7 M340 (ID=0x6900)
    Vendor:   
    VRAM:     2038 MB
    Driver:   27.20.20904.1004
Initialize mono
Mono path[0] = 'C:/Program Files/2020.3.22f1/Editor/Data/Managed'
Mono path[1] = 'C:/Program Files/2020.3.22f1/Editor/Data/MonoBleedingEdge/lib/mono/unityjit'
Mono config path = 'C:/Program Files/2020.3.22f1/Editor/Data/MonoBleedingEdge/etc'
Using monoOptions --debugger-agent=transport=dt_socket,embedding=1,server=y,suspend=n,address=127.0.0.1:56064
Begin MonoManager ReloadAssembly
Registering precompiled unity dll's ...
Register platform support module: C:/Program Files/2020.3.22f1/Editor/Data/PlaybackEngines/WindowsStandaloneSupport/UnityEditor.WindowsStandalone.Extensions.dll
Registered in 0.004649 seconds.
Native extension for WindowsStandalone target not found
Refreshing native plugins compatible for Editor in 129.63 ms, found 2 plugins.
Preloading 0 native plugins for Editor in 0.00 ms.
Mono: successfully reloaded assembly
- Completed reload, in  4.488 seconds
Domain Reload Profiling:
	ReloadAssembly (4489ms)
		BeginReloadAssembly (103ms)
			ExecutionOrderSort (0ms)
			DisableScriptedObjects (0ms)
			BackupInstance (0ms)
			ReleaseScriptingObjects (0ms)
			CreateAndSetChildDomain (1ms)
		EndReloadAssembly (1035ms)
			LoadAssemblies (98ms)
			RebuildTransferFunctionScriptingTraits (0ms)
			SetupTypeCache (262ms)
			ReleaseScriptCaches (0ms)
			RebuildScriptCaches (54ms)
			SetupLoadedEditorAssemblies (540ms)
				LogAssemblyErrors (0ms)
				InitializePlatformSupportModulesInManaged (7ms)
				SetLoadedEditorAssemblies (0ms)
				RefreshPlugins (130ms)
				BeforeProcessingInitializeOnLoad (30ms)
				ProcessInitializeOnLoadAttributes (327ms)
				ProcessInitializeOnLoadMethodAttributes (46ms)
				AfterProcessingInitializeOnLoad (0ms)
				EditorAssembliesLoaded (0ms)
			ExecutionOrderSort2 (0ms)
			AwakeInstancesAfterBackupRestoration (0ms)
Platform modules already initialized, skipping
Registering precompiled user dll's ...
Registered in 0.013435 seconds.
Begin MonoManager ReloadAssembly
Native extension for WindowsStandalone target not found
Refreshing native plugins compatible for Editor in 190.02 ms, found 2 plugins.
Preloading 0 native plugins for Editor in 0.00 ms.
Mono: successfully reloaded assembly
- Completed reload, in  2.832 seconds
Domain Reload Profiling:
	ReloadAssembly (2834ms)
		BeginReloadAssembly (277ms)
			ExecutionOrderSort (0ms)
			DisableScriptedObjects (8ms)
			BackupInstance (0ms)
			ReleaseScriptingObjects (0ms)
			CreateAndSetChildDomain (34ms)
		EndReloadAssembly (2439ms)
			LoadAssemblies (209ms)
			RebuildTransferFunctionScriptingTraits (0ms)
			SetupTypeCache (677ms)
			ReleaseScriptCaches (1ms)
			RebuildScriptCaches (123ms)
			SetupLoadedEditorAssemblies (1198ms)
				LogAssemblyErrors (0ms)
				InitializePlatformSupportModulesInManaged (7ms)
				SetLoadedEditorAssemblies (0ms)
				RefreshPlugins (190ms)
				BeforeProcessingInitializeOnLoad (307ms)
				ProcessInitializeOnLoadAttributes (608ms)
				ProcessInitializeOnLoadMethodAttributes (70ms)
				AfterProcessingInitializeOnLoad (14ms)
				EditorAssembliesLoaded (1ms)
			ExecutionOrderSort2 (0ms)
			AwakeInstancesAfterBackupRestoration (12ms)
Platform modules already initialized, skipping
========================================================================
Worker process is ready to serve import requests
Launched and connected shader compiler UnityShaderCompiler.exe after 0.11 seconds
Refreshing native plugins compatible for Editor in 1.44 ms, found 2 plugins.
Preloading 0 native plugins for Editor in 0.00 ms.
Unloading 3859 Unused Serialized files (Serialized files now loaded: 0)
System memory in use before: 160.7 MB.
System memory in use after: 160.9 MB.

Unloading 52 unused Assets to reduce memory usage. Loaded Objects now: 4278.
Total: 12.921000 ms (FindLiveObjects: 0.467100 ms CreateObjectMapping: 0.284200 ms MarkObjects: 11.898600 ms  DeleteObjects: 0.269300 ms)

AssetImportParameters requested are different than current active one (requested -> active):
  custom:framework-win-MediaFoundation: 216162199b28c13a410421893ffa2e32 -> 
  custom:video-decoder-ogg-theora: a1e56fd34408186e4bbccfd4996cb3dc -> 
  custom:container-muxer-webm: aa71ff27fc2769a1b78a27578f13a17b -> 
  custom:container-demuxer-webm: 4f35f7cbe854078d1ac9338744f61a02 -> 
  custom:container-demuxer-ogg: 62fdf1f143b41e24485cea50d1cbac27 -> 
  custom:video-encoder-webm-vp8: eb34c28f22e8b96e1ab97ce403110664 -> 
  custom:video-decoder-webm-vp8: 9c59270c3fd7afecdb556c50c9e8de78 -> 
  custom:audio-decoder-ogg-vorbis: bf7c407c2cedff20999df2af8eb42d56 -> 
  custom:audio-encoder-webm-vorbis: bf7c407c2cedff20999df2af8eb42d56 -> 
========================================================================
Received Import Request.
  path: Assets/Animation
  artifactKey: Guid(3c70ae3d41aa5474991871739fbc0d11) Importer(815301076,1909f56bfc062723c751e8b465ee728b)
Start importing Assets/Animation using Guid(3c70ae3d41aa5474991871739fbc0d11) Importer(815301076,1909f56bfc062723c751e8b465ee728b)  -> (artifact id: 'f15ac487fc60e9fe5236a62a541d6e8b') in 0.043538 seconds 
  Import took 0.075282 seconds .

========================================================================
Received Import Request.
  Time since last request: 0.000620 seconds.
  path: Assets/_project_PetrARTest/Scenes/AnimationTest.unity
  artifactKey: Guid(e8655c01fe7e7be4e917b8aa6f00ed3c) Importer(815301076,1909f56bfc062723c751e8b465ee728b)
Start importing Assets/_project_PetrARTest/Scenes/AnimationTest.unity using Guid(e8655c01fe7e7be4e917b8aa6f00ed3c) Importer(815301076,1909f56bfc062723c751e8b465ee728b)  -> (artifact id: 'd6308e0d9bdc5c7ebb575145c42f3d1c') in 0.033595 seconds 
  Import took 0.059666 seconds .

========================================================================
Received Import Request.
  Time since last request: 0.000620 seconds.
  path: Assets/_project_StartScene/Scenes
  artifactKey: Guid(967c9be36a692c04191352510a090763) Importer(815301076,1909f56bfc062723c751e8b465ee728b)
Start importing Assets/_project_StartScene/Scenes using Guid(967c9be36a692c04191352510a090763) Importer(815301076,1909f56bfc062723c751e8b465ee728b)  -> (artifact id: 'f9d0ad1500198fbb9528d685d59ad497') in 0.021732 seconds 
  Import took 0.037017 seconds .

========================================================================
Received Prepare
Registering precompiled user dll's ...
Registered in 0.017612 seconds.
Begin MonoManager ReloadAssembly
Native extension for WindowsStandalone target not found
Refreshing native plugins compatible for Editor in 1.21 ms, found 2 plugins.
Preloading 0 native plugins for Editor in 0.00 ms.
Mono: successfully reloaded assembly
- Completed reload, in  2.483 seconds
Domain Reload Profiling:
	ReloadAssembly (2484ms)
		BeginReloadAssembly (215ms)
			ExecutionOrderSort (0ms)
			DisableScriptedObjects (11ms)
			BackupInstance (0ms)
			ReleaseScriptingObjects (0ms)
			CreateAndSetChildDomain (71ms)
		EndReloadAssembly (2158ms)
			LoadAssemblies (184ms)
			RebuildTransferFunctionScriptingTraits (0ms)
			SetupTypeCache (667ms)
			ReleaseScriptCaches (1ms)
			RebuildScriptCaches (242ms)
			SetupLoadedEditorAssemblies (874ms)
				LogAssemblyErrors (0ms)
				InitializePlatformSupportModulesInManaged (7ms)
				SetLoadedEditorAssemblies (1ms)
				RefreshPlugins (1ms)
				BeforeProcessingInitializeOnLoad (218ms)
				ProcessInitializeOnLoadAttributes (580ms)
				ProcessInitializeOnLoadMethodAttributes (56ms)
				AfterProcessingInitializeOnLoad (11ms)
				EditorAssembliesLoaded (0ms)
			ExecutionOrderSort2 (0ms)
			AwakeInstancesAfterBackupRestoration (11ms)
Platform modules already initialized, skipping
Switching build target platform(19) subTarget(0) extendedPlatform(0) -> platform(13) subTarget(589824) extendedPlatform(0)
Refreshing native plugins compatible for Editor in 1.19 ms, found 2 plugins.
Preloading 0 native plugins for Editor in 0.00 ms.
Unloading 3770 Unused Serialized files (Serialized files now loaded: 0)
System memory in use before: 151.1 MB.
System memory in use after: 151.3 MB.

Unloading 41 unused Assets to reduce memory usage. Loaded Objects now: 4281.
Total: 11.040600 ms (FindLiveObjects: 0.526600 ms CreateObjectMapping: 0.253900 ms MarkObjects: 10.123900 ms  DeleteObjects: 0.134300 ms)

AssetImportParameters requested are different than current active one (requested -> active):
  custom:framework-win-MediaFoundation: 216162199b28c13a410421893ffa2e32 -> 
  custom:video-decoder-ogg-theora: a1e56fd34408186e4bbccfd4996cb3dc -> 
  custom:container-muxer-webm: aa71ff27fc2769a1b78a27578f13a17b -> 
  custom:container-demuxer-webm: 4f35f7cbe854078d1ac9338744f61a02 -> 
  custom:container-demuxer-ogg: 62fdf1f143b41e24485cea50d1cbac27 -> 
  custom:video-encoder-webm-vp8: eb34c28f22e8b96e1ab97ce403110664 -> 
  custom:video-decoder-webm-vp8: 9c59270c3fd7afecdb556c50c9e8de78 -> 
  custom:graphics/normal-map-encoding: 01000000000000000000000000000000 -> 02000000000000000000000000000000
  custom:audio-decoder-ogg-vorbis: bf7c407c2cedff20999df2af8eb42d56 -> 
  custom:audio-encoder-webm-vorbis: bf7c407c2cedff20999df2af8eb42d56 -> 
AssetImportWorkerClient::OnTransportError - code=2 error=End of file
