
=== Thu Oct 21 18:33:11 2021

Packages were changed.
Update Mode: updateDependencies

The following packages were updated:
  com.unity.analytics from version 3.3.5 to 3.6.11
  com.unity.collab-proxy from version 1.3.9 to 1.9.0
  com.unity.ext.nunit from version 1.0.0 to 1.0.6
  com.unity.ide.rider from version 1.2.1 to 2.0.7
  com.unity.ide.visualstudio from version 2.0.2 to 2.0.11
  com.unity.ide.vscode from version 1.2.1 to 1.2.4
  com.unity.inputsystem from version 1.0.0 to 1.0.2
  com.unity.purchasing from version 2.0.6 to 3.2.2
  com.unity.test-framework from version 1.1.16 to 1.1.29
  com.unity.textmeshpro from version 3.0.1 to 3.0.6
  com.unity.xr.arcore from version 4.1.0-preview.6 to 4.1.7
  com.unity.xr.arfoundation from version 4.1.0-preview.6 to 4.1.7
  com.unity.xr.arkit from version 4.1.0-preview.6 to 4.1.7
  com.unity.xr.arkit-face-tracking from version 4.1.0-preview.6 to 4.1.7

=== Wed Dec 22 16:25:29 2021

Packages were changed.
Update Mode: updateDependencies

The following packages were updated:
  com.unity.collab-proxy from version 1.9.0 to 1.13.5
  com.unity.purchasing from version 3.2.2 to 4.0.3
  com.unity.render-pipelines.universal from version 10.6.0 to 10.7.0
